

***********************************************************************
Fatal NI connect error 12520, connecting to:
 (DESCRIPTION=(ADDRESS=(PROTOCOL=TCP)(HOST=PC2)(PORT=1521))(CONNECT_DATA=(SERVER=DEDICATED)(SERVICE_NAME=XE)(CID=(PROGRAM=C:\Users\ALEX\documents\visual studio 2015\Projects\ferreteria_x_2019\ferreteria_x_2019\bin\Debug\ferreteria_x_2019.vshost.exe)(HOST=PC2)(USER=ALEX))))

  VERSION INFORMATION:
	TNS for 32-bit Windows: Version 10.2.0.1.0 - Production
	Windows NT TCP/IP NT Protocol Adapter for 32-bit Windows: Version 10.2.0.1.0 - Production
  Time: 21-JUN-2019 22:27:26
  Tracing not turned on.
  Tns error struct:
    ns main err code: 12564
    TNS-12564: TNS:conexión rechazada
    ns secondary err code: 0
    nt main err code: 0
    nt secondary err code: 0
    nt OS err code: 0


***********************************************************************
Fatal NI connect error 12520, connecting to:
 (DESCRIPTION=(ADDRESS=(PROTOCOL=TCP)(HOST=PC2)(PORT=1521))(CONNECT_DATA=(SERVER=DEDICATED)(SERVICE_NAME=XE)(CID=(PROGRAM=C:\Users\ALEX\documents\visual studio 2015\Projects\ferreteria_x_2019\ferreteria_x_2019\bin\Debug\ferreteria_x_2019.vshost.exe)(HOST=PC2)(USER=ALEX))))

  VERSION INFORMATION:
	TNS for 32-bit Windows: Version 10.2.0.1.0 - Production
	Windows NT TCP/IP NT Protocol Adapter for 32-bit Windows: Version 10.2.0.1.0 - Production
  Time: 21-JUN-2019 22:27:26
  Tracing not turned on.
  Tns error struct:
    ns main err code: 12564
    TNS-12564: TNS:conexión rechazada
    ns secondary err code: 0
    nt main err code: 0
    nt secondary err code: 0
    nt OS err code: 0


***********************************************************************
Fatal NI connect error 12520, connecting to:
 (DESCRIPTION=(ADDRESS=(PROTOCOL=TCP)(HOST=PC2)(PORT=1521))(CONNECT_DATA=(SERVER=DEDICATED)(SERVICE_NAME=XE)(CID=(PROGRAM=C:\Users\ALEX\documents\visual studio 2015\Projects\ferreteria_x_2019\ferreteria_x_2019\bin\Debug\ferreteria_x_2019.vshost.exe)(HOST=PC2)(USER=ALEX))))

  VERSION INFORMATION:
	TNS for 32-bit Windows: Version 10.2.0.1.0 - Production
	Windows NT TCP/IP NT Protocol Adapter for 32-bit Windows: Version 10.2.0.1.0 - Production
  Time: 25-JUN-2019 10:21:47
  Tracing not turned on.
  Tns error struct:
    ns main err code: 12564
    TNS-12564: TNS:conexión rechazada
    ns secondary err code: 0
    nt main err code: 0
    nt secondary err code: 0
    nt OS err code: 0


***********************************************************************
Fatal NI connect error 12520, connecting to:
 (DESCRIPTION=(ADDRESS=(PROTOCOL=TCP)(HOST=PC2)(PORT=1521))(CONNECT_DATA=(SERVER=DEDICATED)(SERVICE_NAME=XE)(CID=(PROGRAM=C:\Users\ALEX\documents\visual studio 2015\Projects\ferreteria_x_2019\ferreteria_x_2019\bin\Debug\ferreteria_x_2019.vshost.exe)(HOST=PC2)(USER=ALEX))))

  VERSION INFORMATION:
	TNS for 32-bit Windows: Version 10.2.0.1.0 - Production
	Windows NT TCP/IP NT Protocol Adapter for 32-bit Windows: Version 10.2.0.1.0 - Production
  Time: 25-JUN-2019 10:21:47
  Tracing not turned on.
  Tns error struct:
    ns main err code: 12564
    TNS-12564: TNS:conexión rechazada
    ns secondary err code: 0
    nt main err code: 0
    nt secondary err code: 0
    nt OS err code: 0


***********************************************************************
Fatal NI connect error 12520, connecting to:
 (DESCRIPTION=(ADDRESS=(PROTOCOL=TCP)(HOST=PC2)(PORT=1521))(CONNECT_DATA=(SERVER=DEDICATED)(SERVICE_NAME=XE)(CID=(PROGRAM=C:\Users\ALEX\documents\visual studio 2015\Projects\ferreteria_x_2019\ferreteria_x_2019\bin\Debug\ferreteria_x_2019.vshost.exe)(HOST=PC2)(USER=ALEX))))

  VERSION INFORMATION:
	TNS for 32-bit Windows: Version 10.2.0.1.0 - Production
	Windows NT TCP/IP NT Protocol Adapter for 32-bit Windows: Version 10.2.0.1.0 - Production
  Time: 25-JUN-2019 12:18:44
  Tracing not turned on.
  Tns error struct:
    ns main err code: 12564
    TNS-12564: TNS:conexión rechazada
    ns secondary err code: 0
    nt main err code: 0
    nt secondary err code: 0
    nt OS err code: 0


***********************************************************************
Fatal NI connect error 12520, connecting to:
 (DESCRIPTION=(ADDRESS=(PROTOCOL=TCP)(HOST=PC2)(PORT=1521))(CONNECT_DATA=(SERVER=DEDICATED)(SERVICE_NAME=XE)(CID=(PROGRAM=C:\Users\ALEX\documents\visual studio 2015\Projects\ferreteria_x_2019\ferreteria_x_2019\bin\Debug\ferreteria_x_2019.vshost.exe)(HOST=PC2)(USER=ALEX))))

  VERSION INFORMATION:
	TNS for 32-bit Windows: Version 10.2.0.1.0 - Production
	Windows NT TCP/IP NT Protocol Adapter for 32-bit Windows: Version 10.2.0.1.0 - Production
  Time: 25-JUN-2019 12:18:44
  Tracing not turned on.
  Tns error struct:
    ns main err code: 12564
    TNS-12564: TNS:conexión rechazada
    ns secondary err code: 0
    nt main err code: 0
    nt secondary err code: 0
    nt OS err code: 0


***********************************************************************
Fatal NI connect error 12520, connecting to:
 (DESCRIPTION=(ADDRESS=(PROTOCOL=TCP)(HOST=PC2)(PORT=1521))(CONNECT_DATA=(SERVER=DEDICATED)(SERVICE_NAME=XE)(CID=(PROGRAM=C:\Users\ALEX\documents\visual studio 2015\Projects\ferreteria_x_2019\ferreteria_x_2019\bin\Debug\ferreteria_x_2019.vshost.exe)(HOST=PC2)(USER=ALEX))))

  VERSION INFORMATION:
	TNS for 32-bit Windows: Version 10.2.0.1.0 - Production
	Windows NT TCP/IP NT Protocol Adapter for 32-bit Windows: Version 10.2.0.1.0 - Production
  Time: 25-JUN-2019 12:18:45
  Tracing not turned on.
  Tns error struct:
    ns main err code: 12564
    TNS-12564: TNS:conexión rechazada
    ns secondary err code: 0
    nt main err code: 0
    nt secondary err code: 0
    nt OS err code: 0


***********************************************************************
Fatal NI connect error 12520, connecting to:
 (DESCRIPTION=(ADDRESS=(PROTOCOL=TCP)(HOST=PC2)(PORT=1521))(CONNECT_DATA=(SERVER=DEDICATED)(SERVICE_NAME=XE)(CID=(PROGRAM=C:\Users\ALEX\documents\visual studio 2015\Projects\ferreteria_x_2019\ferreteria_x_2019\bin\Debug\ferreteria_x_2019.vshost.exe)(HOST=PC2)(USER=ALEX))))

  VERSION INFORMATION:
	TNS for 32-bit Windows: Version 10.2.0.1.0 - Production
	Windows NT TCP/IP NT Protocol Adapter for 32-bit Windows: Version 10.2.0.1.0 - Production
  Time: 25-JUN-2019 12:18:45
  Tracing not turned on.
  Tns error struct:
    ns main err code: 12564
    TNS-12564: TNS:conexión rechazada
    ns secondary err code: 0
    nt main err code: 0
    nt secondary err code: 0
    nt OS err code: 0


***********************************************************************
Fatal NI connect error 12520, connecting to:
 (DESCRIPTION=(ADDRESS=(PROTOCOL=TCP)(HOST=PC2)(PORT=1521))(CONNECT_DATA=(SERVER=DEDICATED)(SERVICE_NAME=XE)(CID=(PROGRAM=C:\Users\ALEX\documents\visual studio 2015\Projects\ferreteria_x_2019\ferreteria_x_2019\bin\Debug\ferreteria_x_2019.vshost.exe)(HOST=PC2)(USER=ALEX))))

  VERSION INFORMATION:
	TNS for 32-bit Windows: Version 10.2.0.1.0 - Production
	Windows NT TCP/IP NT Protocol Adapter for 32-bit Windows: Version 10.2.0.1.0 - Production
  Time: 25-JUN-2019 12:18:45
  Tracing not turned on.
  Tns error struct:
    ns main err code: 12564
    TNS-12564: TNS:conexión rechazada
    ns secondary err code: 0
    nt main err code: 0
    nt secondary err code: 0
    nt OS err code: 0


***********************************************************************
Fatal NI connect error 12520, connecting to:
 (DESCRIPTION=(ADDRESS=(PROTOCOL=TCP)(HOST=PC2)(PORT=1521))(CONNECT_DATA=(SERVER=DEDICATED)(SERVICE_NAME=XE)(CID=(PROGRAM=C:\Users\ALEX\documents\visual studio 2015\Projects\ferreteria_x_2019\ferreteria_x_2019\bin\Debug\ferreteria_x_2019.vshost.exe)(HOST=PC2)(USER=ALEX))))

  VERSION INFORMATION:
	TNS for 32-bit Windows: Version 10.2.0.1.0 - Production
	Windows NT TCP/IP NT Protocol Adapter for 32-bit Windows: Version 10.2.0.1.0 - Production
  Time: 25-JUN-2019 12:18:45
  Tracing not turned on.
  Tns error struct:
    ns main err code: 12564
    TNS-12564: TNS:conexión rechazada
    ns secondary err code: 0
    nt main err code: 0
    nt secondary err code: 0
    nt OS err code: 0


***********************************************************************
Fatal NI connect error 12520, connecting to:
 (DESCRIPTION=(ADDRESS=(PROTOCOL=TCP)(HOST=PC2)(PORT=1521))(CONNECT_DATA=(SERVER=DEDICATED)(SERVICE_NAME=XE)(CID=(PROGRAM=C:\Users\ALEX\documents\visual studio 2015\Projects\ferreteria_x_2019\ferreteria_x_2019\bin\Debug\ferreteria_x_2019.vshost.exe)(HOST=PC2)(USER=ALEX))))

  VERSION INFORMATION:
	TNS for 32-bit Windows: Version 10.2.0.1.0 - Production
	Windows NT TCP/IP NT Protocol Adapter for 32-bit Windows: Version 10.2.0.1.0 - Production
  Time: 25-JUN-2019 12:18:45
  Tracing not turned on.
  Tns error struct:
    ns main err code: 12564
    TNS-12564: TNS:conexión rechazada
    ns secondary err code: 0
    nt main err code: 0
    nt secondary err code: 0
    nt OS err code: 0


***********************************************************************
Fatal NI connect error 12520, connecting to:
 (DESCRIPTION=(ADDRESS=(PROTOCOL=TCP)(HOST=PC2)(PORT=1521))(CONNECT_DATA=(SERVER=DEDICATED)(SERVICE_NAME=XE)(CID=(PROGRAM=C:\Users\ALEX\documents\visual studio 2015\Projects\ferreteria_x_2019\ferreteria_x_2019\bin\Debug\ferreteria_x_2019.vshost.exe)(HOST=PC2)(USER=ALEX))))

  VERSION INFORMATION:
	TNS for 32-bit Windows: Version 10.2.0.1.0 - Production
	Windows NT TCP/IP NT Protocol Adapter for 32-bit Windows: Version 10.2.0.1.0 - Production
  Time: 25-JUN-2019 12:24:09
  Tracing not turned on.
  Tns error struct:
    ns main err code: 12564
    TNS-12564: TNS:conexión rechazada
    ns secondary err code: 0
    nt main err code: 0
    nt secondary err code: 0
    nt OS err code: 0


***********************************************************************
Fatal NI connect error 12520, connecting to:
 (DESCRIPTION=(ADDRESS=(PROTOCOL=TCP)(HOST=PC2)(PORT=1521))(CONNECT_DATA=(SERVER=DEDICATED)(SERVICE_NAME=XE)(CID=(PROGRAM=C:\Users\ALEX\documents\visual studio 2015\Projects\ferreteria_x_2019\ferreteria_x_2019\bin\Debug\ferreteria_x_2019.vshost.exe)(HOST=PC2)(USER=ALEX))))

  VERSION INFORMATION:
	TNS for 32-bit Windows: Version 10.2.0.1.0 - Production
	Windows NT TCP/IP NT Protocol Adapter for 32-bit Windows: Version 10.2.0.1.0 - Production
  Time: 25-JUN-2019 12:24:09
  Tracing not turned on.
  Tns error struct:
    ns main err code: 12564
    TNS-12564: TNS:conexión rechazada
    ns secondary err code: 0
    nt main err code: 0
    nt secondary err code: 0
    nt OS err code: 0


***********************************************************************
Fatal NI connect error 12520, connecting to:
 (DESCRIPTION=(ADDRESS=(PROTOCOL=TCP)(HOST=PC2)(PORT=1521))(CONNECT_DATA=(SERVER=DEDICATED)(SERVICE_NAME=XE)(CID=(PROGRAM=C:\Users\ALEX\documents\visual studio 2015\Projects\ferreteria_x_2019\ferreteria_x_2019\bin\Debug\ferreteria_x_2019.vshost.exe)(HOST=PC2)(USER=ALEX))))

  VERSION INFORMATION:
	TNS for 32-bit Windows: Version 10.2.0.1.0 - Production
	Windows NT TCP/IP NT Protocol Adapter for 32-bit Windows: Version 10.2.0.1.0 - Production
  Time: 25-JUN-2019 19:21:11
  Tracing not turned on.
  Tns error struct:
    ns main err code: 12564
    TNS-12564: TNS:conexión rechazada
    ns secondary err code: 0
    nt main err code: 0
    nt secondary err code: 0
    nt OS err code: 0


***********************************************************************
Fatal NI connect error 12520, connecting to:
 (DESCRIPTION=(ADDRESS=(PROTOCOL=TCP)(HOST=PC2)(PORT=1521))(CONNECT_DATA=(SERVER=DEDICATED)(SERVICE_NAME=XE)(CID=(PROGRAM=C:\Users\ALEX\documents\visual studio 2015\Projects\ferreteria_x_2019\ferreteria_x_2019\bin\Debug\ferreteria_x_2019.vshost.exe)(HOST=PC2)(USER=ALEX))))

  VERSION INFORMATION:
	TNS for 32-bit Windows: Version 10.2.0.1.0 - Production
	Windows NT TCP/IP NT Protocol Adapter for 32-bit Windows: Version 10.2.0.1.0 - Production
  Time: 25-JUN-2019 19:21:11
  Tracing not turned on.
  Tns error struct:
    ns main err code: 12564
    TNS-12564: TNS:conexión rechazada
    ns secondary err code: 0
    nt main err code: 0
    nt secondary err code: 0
    nt OS err code: 0


***********************************************************************
Fatal NI connect error 12520, connecting to:
 (DESCRIPTION=(ADDRESS=(PROTOCOL=TCP)(HOST=PC2)(PORT=1521))(CONNECT_DATA=(SERVER=DEDICATED)(SERVICE_NAME=XE)(CID=(PROGRAM=C:\Users\ALEX\documents\visual studio 2015\Projects\ferreteria_x_2019\ferreteria_x_2019\bin\Debug\ferreteria_x_2019.vshost.exe)(HOST=PC2)(USER=ALEX))))

  VERSION INFORMATION:
	TNS for 32-bit Windows: Version 10.2.0.1.0 - Production
	Windows NT TCP/IP NT Protocol Adapter for 32-bit Windows: Version 10.2.0.1.0 - Production
  Time: 25-JUN-2019 20:14:24
  Tracing not turned on.
  Tns error struct:
    ns main err code: 12564
    TNS-12564: TNS:conexión rechazada
    ns secondary err code: 0
    nt main err code: 0
    nt secondary err code: 0
    nt OS err code: 0


***********************************************************************
Fatal NI connect error 12520, connecting to:
 (DESCRIPTION=(ADDRESS=(PROTOCOL=TCP)(HOST=PC2)(PORT=1521))(CONNECT_DATA=(SERVER=DEDICATED)(SERVICE_NAME=XE)(CID=(PROGRAM=C:\Users\ALEX\documents\visual studio 2015\Projects\ferreteria_x_2019\ferreteria_x_2019\bin\Debug\ferreteria_x_2019.vshost.exe)(HOST=PC2)(USER=ALEX))))

  VERSION INFORMATION:
	TNS for 32-bit Windows: Version 10.2.0.1.0 - Production
	Windows NT TCP/IP NT Protocol Adapter for 32-bit Windows: Version 10.2.0.1.0 - Production
  Time: 25-JUN-2019 20:14:24
  Tracing not turned on.
  Tns error struct:
    ns main err code: 12564
    TNS-12564: TNS:conexión rechazada
    ns secondary err code: 0
    nt main err code: 0
    nt secondary err code: 0
    nt OS err code: 0


***********************************************************************
Fatal NI connect error 12520, connecting to:
 (DESCRIPTION=(ADDRESS=(PROTOCOL=TCP)(HOST=PC2)(PORT=1521))(CONNECT_DATA=(SERVER=DEDICATED)(SERVICE_NAME=XE)(CID=(PROGRAM=C:\Users\ALEX\documents\visual studio 2015\Projects\ferreteria_x_2019\ferreteria_x_2019\bin\Debug\ferreteria_x_2019.vshost.exe)(HOST=PC2)(USER=ALEX))))

  VERSION INFORMATION:
	TNS for 32-bit Windows: Version 10.2.0.1.0 - Production
	Windows NT TCP/IP NT Protocol Adapter for 32-bit Windows: Version 10.2.0.1.0 - Production
  Time: 25-JUN-2019 20:14:37
  Tracing not turned on.
  Tns error struct:
    ns main err code: 12564
    TNS-12564: TNS:conexión rechazada
    ns secondary err code: 0
    nt main err code: 0
    nt secondary err code: 0
    nt OS err code: 0


***********************************************************************
Fatal NI connect error 12520, connecting to:
 (DESCRIPTION=(ADDRESS=(PROTOCOL=TCP)(HOST=PC2)(PORT=1521))(CONNECT_DATA=(SERVER=DEDICATED)(SERVICE_NAME=XE)(CID=(PROGRAM=C:\Users\ALEX\documents\visual studio 2015\Projects\ferreteria_x_2019\ferreteria_x_2019\bin\Debug\ferreteria_x_2019.vshost.exe)(HOST=PC2)(USER=ALEX))))

  VERSION INFORMATION:
	TNS for 32-bit Windows: Version 10.2.0.1.0 - Production
	Windows NT TCP/IP NT Protocol Adapter for 32-bit Windows: Version 10.2.0.1.0 - Production
  Time: 25-JUN-2019 20:14:37
  Tracing not turned on.
  Tns error struct:
    ns main err code: 12564
    TNS-12564: TNS:conexión rechazada
    ns secondary err code: 0
    nt main err code: 0
    nt secondary err code: 0
    nt OS err code: 0


***********************************************************************
Fatal NI connect error 12520, connecting to:
 (DESCRIPTION=(ADDRESS=(PROTOCOL=TCP)(HOST=PC2)(PORT=1521))(CONNECT_DATA=(SERVER=DEDICATED)(SERVICE_NAME=XE)(CID=(PROGRAM=C:\Users\ALEX\documents\visual studio 2015\Projects\ferreteria_x_2019\ferreteria_x_2019\bin\Debug\ferreteria_x_2019.vshost.exe)(HOST=PC2)(USER=ALEX))))

  VERSION INFORMATION:
	TNS for 32-bit Windows: Version 10.2.0.1.0 - Production
	Windows NT TCP/IP NT Protocol Adapter for 32-bit Windows: Version 10.2.0.1.0 - Production
  Time: 25-JUN-2019 20:14:37
  Tracing not turned on.
  Tns error struct:
    ns main err code: 12564
    TNS-12564: TNS:conexión rechazada
    ns secondary err code: 0
    nt main err code: 0
    nt secondary err code: 0
    nt OS err code: 0


***********************************************************************
Fatal NI connect error 12520, connecting to:
 (DESCRIPTION=(ADDRESS=(PROTOCOL=TCP)(HOST=PC2)(PORT=1521))(CONNECT_DATA=(SERVER=DEDICATED)(SERVICE_NAME=XE)(CID=(PROGRAM=C:\Users\ALEX\documents\visual studio 2015\Projects\ferreteria_x_2019\ferreteria_x_2019\bin\Debug\ferreteria_x_2019.vshost.exe)(HOST=PC2)(USER=ALEX))))

  VERSION INFORMATION:
	TNS for 32-bit Windows: Version 10.2.0.1.0 - Production
	Windows NT TCP/IP NT Protocol Adapter for 32-bit Windows: Version 10.2.0.1.0 - Production
  Time: 25-JUN-2019 20:14:37
  Tracing not turned on.
  Tns error struct:
    ns main err code: 12564
    TNS-12564: TNS:conexión rechazada
    ns secondary err code: 0
    nt main err code: 0
    nt secondary err code: 0
    nt OS err code: 0


***********************************************************************
Fatal NI connect error 12520, connecting to:
 (DESCRIPTION=(ADDRESS=(PROTOCOL=TCP)(HOST=PC2)(PORT=1521))(CONNECT_DATA=(SERVER=DEDICATED)(SERVICE_NAME=XE)(CID=(PROGRAM=C:\Users\ALEX\documents\visual studio 2015\Projects\ferreteria_x_2019\ferreteria_x_2019\bin\Debug\ferreteria_x_2019.vshost.exe)(HOST=PC2)(USER=ALEX))))

  VERSION INFORMATION:
	TNS for 32-bit Windows: Version 10.2.0.1.0 - Production
	Windows NT TCP/IP NT Protocol Adapter for 32-bit Windows: Version 10.2.0.1.0 - Production
  Time: 25-JUN-2019 20:14:37
  Tracing not turned on.
  Tns error struct:
    ns main err code: 12564
    TNS-12564: TNS:conexión rechazada
    ns secondary err code: 0
    nt main err code: 0
    nt secondary err code: 0
    nt OS err code: 0


***********************************************************************
Fatal NI connect error 12520, connecting to:
 (DESCRIPTION=(ADDRESS=(PROTOCOL=TCP)(HOST=PC2)(PORT=1521))(CONNECT_DATA=(SERVER=DEDICATED)(SERVICE_NAME=XE)(CID=(PROGRAM=C:\Users\ALEX\documents\visual studio 2015\Projects\ferreteria_x_2019\ferreteria_x_2019\bin\Debug\ferreteria_x_2019.vshost.exe)(HOST=PC2)(USER=ALEX))))

  VERSION INFORMATION:
	TNS for 32-bit Windows: Version 10.2.0.1.0 - Production
	Windows NT TCP/IP NT Protocol Adapter for 32-bit Windows: Version 10.2.0.1.0 - Production
  Time: 25-JUN-2019 20:17:00
  Tracing not turned on.
  Tns error struct:
    ns main err code: 12564
    TNS-12564: TNS:conexión rechazada
    ns secondary err code: 0
    nt main err code: 0
    nt secondary err code: 0
    nt OS err code: 0


***********************************************************************
Fatal NI connect error 12520, connecting to:
 (DESCRIPTION=(ADDRESS=(PROTOCOL=TCP)(HOST=PC2)(PORT=1521))(CONNECT_DATA=(SERVER=DEDICATED)(SERVICE_NAME=XE)(CID=(PROGRAM=C:\Users\ALEX\documents\visual studio 2015\Projects\ferreteria_x_2019\ferreteria_x_2019\bin\Debug\ferreteria_x_2019.vshost.exe)(HOST=PC2)(USER=ALEX))))

  VERSION INFORMATION:
	TNS for 32-bit Windows: Version 10.2.0.1.0 - Production
	Windows NT TCP/IP NT Protocol Adapter for 32-bit Windows: Version 10.2.0.1.0 - Production
  Time: 25-JUN-2019 20:17:00
  Tracing not turned on.
  Tns error struct:
    ns main err code: 12564
    TNS-12564: TNS:conexión rechazada
    ns secondary err code: 0
    nt main err code: 0
    nt secondary err code: 0
    nt OS err code: 0


***********************************************************************
Fatal NI connect error 12520, connecting to:
 (DESCRIPTION=(ADDRESS=(PROTOCOL=TCP)(HOST=PC2)(PORT=1521))(CONNECT_DATA=(SERVER=DEDICATED)(SERVICE_NAME=XE)(CID=(PROGRAM=C:\Users\ALEX\documents\visual studio 2015\Projects\ferreteria_x_2019\ferreteria_x_2019\bin\Debug\ferreteria_x_2019.vshost.exe)(HOST=PC2)(USER=ALEX))))

  VERSION INFORMATION:
	TNS for 32-bit Windows: Version 10.2.0.1.0 - Production
	Windows NT TCP/IP NT Protocol Adapter for 32-bit Windows: Version 10.2.0.1.0 - Production
  Time: 25-JUN-2019 20:17:00
  Tracing not turned on.
  Tns error struct:
    ns main err code: 12564
    TNS-12564: TNS:conexión rechazada
    ns secondary err code: 0
    nt main err code: 0
    nt secondary err code: 0
    nt OS err code: 0


***********************************************************************
Fatal NI connect error 12520, connecting to:
 (DESCRIPTION=(ADDRESS=(PROTOCOL=TCP)(HOST=PC2)(PORT=1521))(CONNECT_DATA=(SERVER=DEDICATED)(SERVICE_NAME=XE)(CID=(PROGRAM=C:\Users\ALEX\documents\visual studio 2015\Projects\ferreteria_x_2019\ferreteria_x_2019\bin\Debug\ferreteria_x_2019.vshost.exe)(HOST=PC2)(USER=ALEX))))

  VERSION INFORMATION:
	TNS for 32-bit Windows: Version 10.2.0.1.0 - Production
	Windows NT TCP/IP NT Protocol Adapter for 32-bit Windows: Version 10.2.0.1.0 - Production
  Time: 25-JUN-2019 20:17:00
  Tracing not turned on.
  Tns error struct:
    ns main err code: 12564
    TNS-12564: TNS:conexión rechazada
    ns secondary err code: 0
    nt main err code: 0
    nt secondary err code: 0
    nt OS err code: 0


***********************************************************************
Fatal NI connect error 12520, connecting to:
 (DESCRIPTION=(ADDRESS=(PROTOCOL=TCP)(HOST=PC2)(PORT=1521))(CONNECT_DATA=(SERVER=DEDICATED)(SERVICE_NAME=XE)(CID=(PROGRAM=C:\Users\ALEX\documents\visual studio 2015\Projects\ferreteria_x_2019\ferreteria_x_2019\bin\Debug\ferreteria_x_2019.vshost.exe)(HOST=PC2)(USER=ALEX))))

  VERSION INFORMATION:
	TNS for 32-bit Windows: Version 10.2.0.1.0 - Production
	Windows NT TCP/IP NT Protocol Adapter for 32-bit Windows: Version 10.2.0.1.0 - Production
  Time: 25-JUN-2019 20:17:00
  Tracing not turned on.
  Tns error struct:
    ns main err code: 12564
    TNS-12564: TNS:conexión rechazada
    ns secondary err code: 0
    nt main err code: 0
    nt secondary err code: 0
    nt OS err code: 0


***********************************************************************
Fatal NI connect error 12520, connecting to:
 (DESCRIPTION=(ADDRESS=(PROTOCOL=TCP)(HOST=PC2)(PORT=1521))(CONNECT_DATA=(SERVER=DEDICATED)(SERVICE_NAME=XE)(CID=(PROGRAM=C:\Users\ALEX\documents\visual studio 2015\Projects\ferreteria_x_2019\ferreteria_x_2019\bin\Debug\ferreteria_x_2019.vshost.exe)(HOST=PC2)(USER=ALEX))))

  VERSION INFORMATION:
	TNS for 32-bit Windows: Version 10.2.0.1.0 - Production
	Windows NT TCP/IP NT Protocol Adapter for 32-bit Windows: Version 10.2.0.1.0 - Production
  Time: 25-JUN-2019 20:17:00
  Tracing not turned on.
  Tns error struct:
    ns main err code: 12564
    TNS-12564: TNS:conexión rechazada
    ns secondary err code: 0
    nt main err code: 0
    nt secondary err code: 0
    nt OS err code: 0


***********************************************************************
Fatal NI connect error 12520, connecting to:
 (DESCRIPTION=(ADDRESS=(PROTOCOL=TCP)(HOST=PC2)(PORT=1521))(CONNECT_DATA=(SERVER=DEDICATED)(SERVICE_NAME=XE)(CID=(PROGRAM=C:\Users\ALEX\documents\visual studio 2015\Projects\ferreteria_x_2019\ferreteria_x_2019\bin\Debug\ferreteria_x_2019.vshost.exe)(HOST=PC2)(USER=ALEX))))

  VERSION INFORMATION:
	TNS for 32-bit Windows: Version 10.2.0.1.0 - Production
	Windows NT TCP/IP NT Protocol Adapter for 32-bit Windows: Version 10.2.0.1.0 - Production
  Time: 25-JUN-2019 20:17:00
  Tracing not turned on.
  Tns error struct:
    ns main err code: 12564
    TNS-12564: TNS:conexión rechazada
    ns secondary err code: 0
    nt main err code: 0
    nt secondary err code: 0
    nt OS err code: 0


***********************************************************************
Fatal NI connect error 12520, connecting to:
 (DESCRIPTION=(ADDRESS=(PROTOCOL=TCP)(HOST=PC2)(PORT=1521))(CONNECT_DATA=(SERVER=DEDICATED)(SERVICE_NAME=XE)(CID=(PROGRAM=C:\Users\ALEX\documents\visual studio 2015\Projects\ferreteria_x_2019\ferreteria_x_2019\bin\Debug\ferreteria_x_2019.vshost.exe)(HOST=PC2)(USER=ALEX))))

  VERSION INFORMATION:
	TNS for 32-bit Windows: Version 10.2.0.1.0 - Production
	Windows NT TCP/IP NT Protocol Adapter for 32-bit Windows: Version 10.2.0.1.0 - Production
  Time: 26-JUN-2019 09:08:33
  Tracing not turned on.
  Tns error struct:
    ns main err code: 12564
    TNS-12564: TNS:conexión rechazada
    ns secondary err code: 0
    nt main err code: 0
    nt secondary err code: 0
    nt OS err code: 0


***********************************************************************
Fatal NI connect error 12520, connecting to:
 (DESCRIPTION=(ADDRESS=(PROTOCOL=TCP)(HOST=PC2)(PORT=1521))(CONNECT_DATA=(SERVER=DEDICATED)(SERVICE_NAME=XE)(CID=(PROGRAM=C:\Users\ALEX\documents\visual studio 2015\Projects\ferreteria_x_2019\ferreteria_x_2019\bin\Debug\ferreteria_x_2019.vshost.exe)(HOST=PC2)(USER=ALEX))))

  VERSION INFORMATION:
	TNS for 32-bit Windows: Version 10.2.0.1.0 - Production
	Windows NT TCP/IP NT Protocol Adapter for 32-bit Windows: Version 10.2.0.1.0 - Production
  Time: 26-JUN-2019 09:08:33
  Tracing not turned on.
  Tns error struct:
    ns main err code: 12564
    TNS-12564: TNS:conexión rechazada
    ns secondary err code: 0
    nt main err code: 0
    nt secondary err code: 0
    nt OS err code: 0


***********************************************************************
Fatal NI connect error 12520, connecting to:
 (DESCRIPTION=(ADDRESS=(PROTOCOL=TCP)(HOST=PC2)(PORT=1521))(CONNECT_DATA=(SERVER=DEDICATED)(SERVICE_NAME=XE)(CID=(PROGRAM=C:\Users\ALEX\documents\visual studio 2015\Projects\ferreteria_x_2019\ferreteria_x_2019\bin\Debug\ferreteria_x_2019.vshost.exe)(HOST=PC2)(USER=ALEX))))

  VERSION INFORMATION:
	TNS for 32-bit Windows: Version 10.2.0.1.0 - Production
	Windows NT TCP/IP NT Protocol Adapter for 32-bit Windows: Version 10.2.0.1.0 - Production
  Time: 26-JUN-2019 09:08:34
  Tracing not turned on.
  Tns error struct:
    ns main err code: 12564
    TNS-12564: TNS:conexión rechazada
    ns secondary err code: 0
    nt main err code: 0
    nt secondary err code: 0
    nt OS err code: 0


***********************************************************************
Fatal NI connect error 12520, connecting to:
 (DESCRIPTION=(ADDRESS=(PROTOCOL=TCP)(HOST=PC2)(PORT=1521))(CONNECT_DATA=(SERVER=DEDICATED)(SERVICE_NAME=XE)(CID=(PROGRAM=C:\Users\ALEX\documents\visual studio 2015\Projects\ferreteria_x_2019\ferreteria_x_2019\bin\Debug\ferreteria_x_2019.vshost.exe)(HOST=PC2)(USER=ALEX))))

  VERSION INFORMATION:
	TNS for 32-bit Windows: Version 10.2.0.1.0 - Production
	Windows NT TCP/IP NT Protocol Adapter for 32-bit Windows: Version 10.2.0.1.0 - Production
  Time: 26-JUN-2019 09:08:35
  Tracing not turned on.
  Tns error struct:
    ns main err code: 12564
    TNS-12564: TNS:conexión rechazada
    ns secondary err code: 0
    nt main err code: 0
    nt secondary err code: 0
    nt OS err code: 0


***********************************************************************
Fatal NI connect error 12520, connecting to:
 (DESCRIPTION=(ADDRESS=(PROTOCOL=TCP)(HOST=PC2)(PORT=1521))(CONNECT_DATA=(SERVER=DEDICATED)(SERVICE_NAME=XE)(CID=(PROGRAM=C:\Users\ALEX\documents\visual studio 2015\Projects\ferreteria_x_2019\ferreteria_x_2019\bin\Debug\ferreteria_x_2019.vshost.exe)(HOST=PC2)(USER=ALEX))))

  VERSION INFORMATION:
	TNS for 32-bit Windows: Version 10.2.0.1.0 - Production
	Windows NT TCP/IP NT Protocol Adapter for 32-bit Windows: Version 10.2.0.1.0 - Production
  Time: 26-JUN-2019 09:08:35
  Tracing not turned on.
  Tns error struct:
    ns main err code: 12564
    TNS-12564: TNS:conexión rechazada
    ns secondary err code: 0
    nt main err code: 0
    nt secondary err code: 0
    nt OS err code: 0


***********************************************************************
Fatal NI connect error 12520, connecting to:
 (DESCRIPTION=(ADDRESS=(PROTOCOL=TCP)(HOST=PC2)(PORT=1521))(CONNECT_DATA=(SERVER=DEDICATED)(SERVICE_NAME=XE)(CID=(PROGRAM=C:\Users\ALEX\documents\visual studio 2015\Projects\ferreteria_x_2019\ferreteria_x_2019\bin\Debug\ferreteria_x_2019.vshost.exe)(HOST=PC2)(USER=ALEX))))

  VERSION INFORMATION:
	TNS for 32-bit Windows: Version 10.2.0.1.0 - Production
	Windows NT TCP/IP NT Protocol Adapter for 32-bit Windows: Version 10.2.0.1.0 - Production
  Time: 26-JUN-2019 09:08:35
  Tracing not turned on.
  Tns error struct:
    ns main err code: 12564
    TNS-12564: TNS:conexión rechazada
    ns secondary err code: 0
    nt main err code: 0
    nt secondary err code: 0
    nt OS err code: 0


***********************************************************************
Fatal NI connect error 12520, connecting to:
 (DESCRIPTION=(ADDRESS=(PROTOCOL=TCP)(HOST=PC2)(PORT=1521))(CONNECT_DATA=(SERVER=DEDICATED)(SERVICE_NAME=XE)(CID=(PROGRAM=C:\Users\ALEX\documents\visual studio 2015\Projects\ferreteria_x_2019\ferreteria_x_2019\bin\Debug\ferreteria_x_2019.vshost.exe)(HOST=PC2)(USER=ALEX))))

  VERSION INFORMATION:
	TNS for 32-bit Windows: Version 10.2.0.1.0 - Production
	Windows NT TCP/IP NT Protocol Adapter for 32-bit Windows: Version 10.2.0.1.0 - Production
  Time: 26-JUN-2019 09:08:35
  Tracing not turned on.
  Tns error struct:
    ns main err code: 12564
    TNS-12564: TNS:conexión rechazada
    ns secondary err code: 0
    nt main err code: 0
    nt secondary err code: 0
    nt OS err code: 0


***********************************************************************
Fatal NI connect error 12520, connecting to:
 (DESCRIPTION=(ADDRESS=(PROTOCOL=TCP)(HOST=PC2)(PORT=1521))(CONNECT_DATA=(SERVER=DEDICATED)(SERVICE_NAME=XE)(CID=(PROGRAM=C:\Users\ALEX\documents\visual studio 2015\Projects\ferreteria_x_2019\ferreteria_x_2019\bin\Debug\ferreteria_x_2019.vshost.exe)(HOST=PC2)(USER=ALEX))))

  VERSION INFORMATION:
	TNS for 32-bit Windows: Version 10.2.0.1.0 - Production
	Windows NT TCP/IP NT Protocol Adapter for 32-bit Windows: Version 10.2.0.1.0 - Production
  Time: 26-JUN-2019 11:32:42
  Tracing not turned on.
  Tns error struct:
    ns main err code: 12564
    TNS-12564: TNS:conexión rechazada
    ns secondary err code: 0
    nt main err code: 0
    nt secondary err code: 0
    nt OS err code: 0


***********************************************************************
Fatal NI connect error 12520, connecting to:
 (DESCRIPTION=(ADDRESS=(PROTOCOL=TCP)(HOST=PC2)(PORT=1521))(CONNECT_DATA=(SERVER=DEDICATED)(SERVICE_NAME=XE)(CID=(PROGRAM=C:\Users\ALEX\documents\visual studio 2015\Projects\ferreteria_x_2019\ferreteria_x_2019\bin\Debug\ferreteria_x_2019.vshost.exe)(HOST=PC2)(USER=ALEX))))

  VERSION INFORMATION:
	TNS for 32-bit Windows: Version 10.2.0.1.0 - Production
	Windows NT TCP/IP NT Protocol Adapter for 32-bit Windows: Version 10.2.0.1.0 - Production
  Time: 26-JUN-2019 11:32:42
  Tracing not turned on.
  Tns error struct:
    ns main err code: 12564
    TNS-12564: TNS:conexión rechazada
    ns secondary err code: 0
    nt main err code: 0
    nt secondary err code: 0
    nt OS err code: 0


***********************************************************************
Fatal NI connect error 12520, connecting to:
 (DESCRIPTION=(ADDRESS=(PROTOCOL=TCP)(HOST=PC2)(PORT=1521))(CONNECT_DATA=(SERVER=DEDICATED)(SERVICE_NAME=XE)(CID=(PROGRAM=C:\Users\ALEX\documents\visual studio 2015\Projects\ferreteria_x_2019\ferreteria_x_2019\bin\Debug\ferreteria_x_2019.vshost.exe)(HOST=PC2)(USER=ALEX))))

  VERSION INFORMATION:
	TNS for 32-bit Windows: Version 10.2.0.1.0 - Production
	Windows NT TCP/IP NT Protocol Adapter for 32-bit Windows: Version 10.2.0.1.0 - Production
  Time: 26-JUN-2019 12:50:55
  Tracing not turned on.
  Tns error struct:
    ns main err code: 12564
    TNS-12564: TNS:conexión rechazada
    ns secondary err code: 0
    nt main err code: 0
    nt secondary err code: 0
    nt OS err code: 0


***********************************************************************
Fatal NI connect error 12520, connecting to:
 (DESCRIPTION=(ADDRESS=(PROTOCOL=TCP)(HOST=PC2)(PORT=1521))(CONNECT_DATA=(SERVER=DEDICATED)(SERVICE_NAME=XE)(CID=(PROGRAM=C:\Users\ALEX\documents\visual studio 2015\Projects\ferreteria_x_2019\ferreteria_x_2019\bin\Debug\ferreteria_x_2019.vshost.exe)(HOST=PC2)(USER=ALEX))))

  VERSION INFORMATION:
	TNS for 32-bit Windows: Version 10.2.0.1.0 - Production
	Windows NT TCP/IP NT Protocol Adapter for 32-bit Windows: Version 10.2.0.1.0 - Production
  Time: 26-JUN-2019 12:50:55
  Tracing not turned on.
  Tns error struct:
    ns main err code: 12564
    TNS-12564: TNS:conexión rechazada
    ns secondary err code: 0
    nt main err code: 0
    nt secondary err code: 0
    nt OS err code: 0


***********************************************************************
Fatal NI connect error 12520, connecting to:
 (DESCRIPTION=(ADDRESS=(PROTOCOL=TCP)(HOST=PC2)(PORT=1521))(CONNECT_DATA=(SERVER=DEDICATED)(SERVICE_NAME=XE)(CID=(PROGRAM=C:\Users\ALEX\documents\visual studio 2015\Projects\ferreteria_x_2019\ferreteria_x_2019\bin\Debug\ferreteria_x_2019.vshost.exe)(HOST=PC2)(USER=ALEX))))

  VERSION INFORMATION:
	TNS for 32-bit Windows: Version 10.2.0.1.0 - Production
	Windows NT TCP/IP NT Protocol Adapter for 32-bit Windows: Version 10.2.0.1.0 - Production
  Time: 26-JUN-2019 12:52:17
  Tracing not turned on.
  Tns error struct:
    ns main err code: 12564
    TNS-12564: TNS:conexión rechazada
    ns secondary err code: 0
    nt main err code: 0
    nt secondary err code: 0
    nt OS err code: 0


***********************************************************************
Fatal NI connect error 12520, connecting to:
 (DESCRIPTION=(ADDRESS=(PROTOCOL=TCP)(HOST=PC2)(PORT=1521))(CONNECT_DATA=(SERVER=DEDICATED)(SERVICE_NAME=XE)(CID=(PROGRAM=C:\Users\ALEX\documents\visual studio 2015\Projects\ferreteria_x_2019\ferreteria_x_2019\bin\Debug\ferreteria_x_2019.vshost.exe)(HOST=PC2)(USER=ALEX))))

  VERSION INFORMATION:
	TNS for 32-bit Windows: Version 10.2.0.1.0 - Production
	Windows NT TCP/IP NT Protocol Adapter for 32-bit Windows: Version 10.2.0.1.0 - Production
  Time: 26-JUN-2019 12:52:17
  Tracing not turned on.
  Tns error struct:
    ns main err code: 12564
    TNS-12564: TNS:conexión rechazada
    ns secondary err code: 0
    nt main err code: 0
    nt secondary err code: 0
    nt OS err code: 0


***********************************************************************
Fatal NI connect error 12520, connecting to:
 (DESCRIPTION=(ADDRESS=(PROTOCOL=TCP)(HOST=PC2)(PORT=1521))(CONNECT_DATA=(SERVER=DEDICATED)(SERVICE_NAME=XE)(CID=(PROGRAM=C:\Users\ALEX\documents\visual studio 2015\Projects\ferreteria_x_2019\ferreteria_x_2019\bin\Debug\ferreteria_x_2019.vshost.exe)(HOST=PC2)(USER=ALEX))))

  VERSION INFORMATION:
	TNS for 32-bit Windows: Version 10.2.0.1.0 - Production
	Windows NT TCP/IP NT Protocol Adapter for 32-bit Windows: Version 10.2.0.1.0 - Production
  Time: 26-JUN-2019 12:52:17
  Tracing not turned on.
  Tns error struct:
    ns main err code: 12564
    TNS-12564: TNS:conexión rechazada
    ns secondary err code: 0
    nt main err code: 0
    nt secondary err code: 0
    nt OS err code: 0


***********************************************************************
Fatal NI connect error 12520, connecting to:
 (DESCRIPTION=(ADDRESS=(PROTOCOL=TCP)(HOST=PC2)(PORT=1521))(CONNECT_DATA=(SERVER=DEDICATED)(SERVICE_NAME=XE)(CID=(PROGRAM=C:\Users\ALEX\documents\visual studio 2015\Projects\ferreteria_x_2019\ferreteria_x_2019\bin\Debug\ferreteria_x_2019.vshost.exe)(HOST=PC2)(USER=ALEX))))

  VERSION INFORMATION:
	TNS for 32-bit Windows: Version 10.2.0.1.0 - Production
	Windows NT TCP/IP NT Protocol Adapter for 32-bit Windows: Version 10.2.0.1.0 - Production
  Time: 26-JUN-2019 12:52:17
  Tracing not turned on.
  Tns error struct:
    ns main err code: 12564
    TNS-12564: TNS:conexión rechazada
    ns secondary err code: 0
    nt main err code: 0
    nt secondary err code: 0
    nt OS err code: 0


***********************************************************************
Fatal NI connect error 12520, connecting to:
 (DESCRIPTION=(ADDRESS=(PROTOCOL=TCP)(HOST=PC2)(PORT=1521))(CONNECT_DATA=(SERVER=DEDICATED)(SERVICE_NAME=XE)(CID=(PROGRAM=C:\Users\ALEX\documents\visual studio 2015\Projects\ferreteria_x_2019\ferreteria_x_2019\bin\Debug\ferreteria_x_2019.vshost.exe)(HOST=PC2)(USER=ALEX))))

  VERSION INFORMATION:
	TNS for 32-bit Windows: Version 10.2.0.1.0 - Production
	Windows NT TCP/IP NT Protocol Adapter for 32-bit Windows: Version 10.2.0.1.0 - Production
  Time: 26-JUN-2019 12:52:17
  Tracing not turned on.
  Tns error struct:
    ns main err code: 12564
    TNS-12564: TNS:conexión rechazada
    ns secondary err code: 0
    nt main err code: 0
    nt secondary err code: 0
    nt OS err code: 0


***********************************************************************
Fatal NI connect error 12520, connecting to:
 (DESCRIPTION=(ADDRESS=(PROTOCOL=TCP)(HOST=PC2)(PORT=1521))(CONNECT_DATA=(SERVER=DEDICATED)(SERVICE_NAME=XE)(CID=(PROGRAM=C:\Users\ALEX\documents\visual studio 2015\Projects\ferreteria_x_2019\ferreteria_x_2019\bin\Debug\ferreteria_x_2019.vshost.exe)(HOST=PC2)(USER=ALEX))))

  VERSION INFORMATION:
	TNS for 32-bit Windows: Version 10.2.0.1.0 - Production
	Windows NT TCP/IP NT Protocol Adapter for 32-bit Windows: Version 10.2.0.1.0 - Production
  Time: 27-JUN-2019 01:29:04
  Tracing not turned on.
  Tns error struct:
    ns main err code: 12564
    TNS-12564: TNS:conexión rechazada
    ns secondary err code: 0
    nt main err code: 0
    nt secondary err code: 0
    nt OS err code: 0


***********************************************************************
Fatal NI connect error 12520, connecting to:
 (DESCRIPTION=(ADDRESS=(PROTOCOL=TCP)(HOST=PC2)(PORT=1521))(CONNECT_DATA=(SERVER=DEDICATED)(SERVICE_NAME=XE)(CID=(PROGRAM=C:\Users\ALEX\documents\visual studio 2015\Projects\ferreteria_x_2019\ferreteria_x_2019\bin\Debug\ferreteria_x_2019.vshost.exe)(HOST=PC2)(USER=ALEX))))

  VERSION INFORMATION:
	TNS for 32-bit Windows: Version 10.2.0.1.0 - Production
	Windows NT TCP/IP NT Protocol Adapter for 32-bit Windows: Version 10.2.0.1.0 - Production
  Time: 27-JUN-2019 01:29:04
  Tracing not turned on.
  Tns error struct:
    ns main err code: 12564
    TNS-12564: TNS:conexión rechazada
    ns secondary err code: 0
    nt main err code: 0
    nt secondary err code: 0
    nt OS err code: 0


***********************************************************************
Fatal NI connect error 12520, connecting to:
 (DESCRIPTION=(ADDRESS=(PROTOCOL=TCP)(HOST=PC2)(PORT=1521))(CONNECT_DATA=(SERVER=DEDICATED)(SERVICE_NAME=XE)(CID=(PROGRAM=C:\Users\ALEX\documents\visual studio 2015\Projects\ferreteria_x_2019\ferreteria_x_2019\bin\Debug\ferreteria_x_2019.vshost.exe)(HOST=PC2)(USER=ALEX))))

  VERSION INFORMATION:
	TNS for 32-bit Windows: Version 10.2.0.1.0 - Production
	Windows NT TCP/IP NT Protocol Adapter for 32-bit Windows: Version 10.2.0.1.0 - Production
  Time: 27-JUN-2019 01:33:25
  Tracing not turned on.
  Tns error struct:
    ns main err code: 12564
    TNS-12564: TNS:conexión rechazada
    ns secondary err code: 0
    nt main err code: 0
    nt secondary err code: 0
    nt OS err code: 0


***********************************************************************
Fatal NI connect error 12520, connecting to:
 (DESCRIPTION=(ADDRESS=(PROTOCOL=TCP)(HOST=PC2)(PORT=1521))(CONNECT_DATA=(SERVER=DEDICATED)(SERVICE_NAME=XE)(CID=(PROGRAM=C:\Users\ALEX\documents\visual studio 2015\Projects\ferreteria_x_2019\ferreteria_x_2019\bin\Debug\ferreteria_x_2019.vshost.exe)(HOST=PC2)(USER=ALEX))))

  VERSION INFORMATION:
	TNS for 32-bit Windows: Version 10.2.0.1.0 - Production
	Windows NT TCP/IP NT Protocol Adapter for 32-bit Windows: Version 10.2.0.1.0 - Production
  Time: 27-JUN-2019 01:33:25
  Tracing not turned on.
  Tns error struct:
    ns main err code: 12564
    TNS-12564: TNS:conexión rechazada
    ns secondary err code: 0
    nt main err code: 0
    nt secondary err code: 0
    nt OS err code: 0


***********************************************************************
Fatal NI connect error 12520, connecting to:
 (DESCRIPTION=(ADDRESS=(PROTOCOL=TCP)(HOST=PC2)(PORT=1521))(CONNECT_DATA=(SERVER=DEDICATED)(SERVICE_NAME=XE)(CID=(PROGRAM=C:\Users\ALEX\documents\visual studio 2015\Projects\ferreteria_x_2019\ferreteria_x_2019\bin\Debug\ferreteria_x_2019.vshost.exe)(HOST=PC2)(USER=ALEX))))

  VERSION INFORMATION:
	TNS for 32-bit Windows: Version 10.2.0.1.0 - Production
	Windows NT TCP/IP NT Protocol Adapter for 32-bit Windows: Version 10.2.0.1.0 - Production
  Time: 27-JUN-2019 01:34:17
  Tracing not turned on.
  Tns error struct:
    ns main err code: 12564
    TNS-12564: TNS:conexión rechazada
    ns secondary err code: 0
    nt main err code: 0
    nt secondary err code: 0
    nt OS err code: 0


***********************************************************************
Fatal NI connect error 12520, connecting to:
 (DESCRIPTION=(ADDRESS=(PROTOCOL=TCP)(HOST=PC2)(PORT=1521))(CONNECT_DATA=(SERVER=DEDICATED)(SERVICE_NAME=XE)(CID=(PROGRAM=C:\Users\ALEX\documents\visual studio 2015\Projects\ferreteria_x_2019\ferreteria_x_2019\bin\Debug\ferreteria_x_2019.vshost.exe)(HOST=PC2)(USER=ALEX))))

  VERSION INFORMATION:
	TNS for 32-bit Windows: Version 10.2.0.1.0 - Production
	Windows NT TCP/IP NT Protocol Adapter for 32-bit Windows: Version 10.2.0.1.0 - Production
  Time: 27-JUN-2019 01:34:17
  Tracing not turned on.
  Tns error struct:
    ns main err code: 12564
    TNS-12564: TNS:conexión rechazada
    ns secondary err code: 0
    nt main err code: 0
    nt secondary err code: 0
    nt OS err code: 0


***********************************************************************
Fatal NI connect error 12520, connecting to:
 (DESCRIPTION=(ADDRESS=(PROTOCOL=TCP)(HOST=PC2)(PORT=1521))(CONNECT_DATA=(SERVER=DEDICATED)(SERVICE_NAME=XE)(CID=(PROGRAM=C:\Users\ALEX\documents\visual studio 2015\Projects\ferreteria_x_2019\ferreteria_x_2019\bin\Debug\ferreteria_x_2019.vshost.exe)(HOST=PC2)(USER=ALEX))))

  VERSION INFORMATION:
	TNS for 32-bit Windows: Version 10.2.0.1.0 - Production
	Windows NT TCP/IP NT Protocol Adapter for 32-bit Windows: Version 10.2.0.1.0 - Production
  Time: 27-JUN-2019 01:34:17
  Tracing not turned on.
  Tns error struct:
    ns main err code: 12564
    TNS-12564: TNS:conexión rechazada
    ns secondary err code: 0
    nt main err code: 0
    nt secondary err code: 0
    nt OS err code: 0


***********************************************************************
Fatal NI connect error 12520, connecting to:
 (DESCRIPTION=(ADDRESS=(PROTOCOL=TCP)(HOST=PC2)(PORT=1521))(CONNECT_DATA=(SERVER=DEDICATED)(SERVICE_NAME=XE)(CID=(PROGRAM=C:\Users\ALEX\documents\visual studio 2015\Projects\ferreteria_x_2019\ferreteria_x_2019\bin\Debug\ferreteria_x_2019.vshost.exe)(HOST=PC2)(USER=ALEX))))

  VERSION INFORMATION:
	TNS for 32-bit Windows: Version 10.2.0.1.0 - Production
	Windows NT TCP/IP NT Protocol Adapter for 32-bit Windows: Version 10.2.0.1.0 - Production
  Time: 27-JUN-2019 01:34:17
  Tracing not turned on.
  Tns error struct:
    ns main err code: 12564
    TNS-12564: TNS:conexión rechazada
    ns secondary err code: 0
    nt main err code: 0
    nt secondary err code: 0
    nt OS err code: 0


***********************************************************************
Fatal NI connect error 12520, connecting to:
 (DESCRIPTION=(ADDRESS=(PROTOCOL=TCP)(HOST=PC2)(PORT=1521))(CONNECT_DATA=(SERVER=DEDICATED)(SERVICE_NAME=XE)(CID=(PROGRAM=C:\Users\ALEX\documents\visual studio 2015\Projects\ferreteria_x_2019\ferreteria_x_2019\bin\Debug\ferreteria_x_2019.vshost.exe)(HOST=PC2)(USER=ALEX))))

  VERSION INFORMATION:
	TNS for 32-bit Windows: Version 10.2.0.1.0 - Production
	Windows NT TCP/IP NT Protocol Adapter for 32-bit Windows: Version 10.2.0.1.0 - Production
  Time: 27-JUN-2019 01:34:17
  Tracing not turned on.
  Tns error struct:
    ns main err code: 12564
    TNS-12564: TNS:conexión rechazada
    ns secondary err code: 0
    nt main err code: 0
    nt secondary err code: 0
    nt OS err code: 0


***********************************************************************
Fatal NI connect error 12520, connecting to:
 (DESCRIPTION=(ADDRESS=(PROTOCOL=TCP)(HOST=PC2)(PORT=1521))(CONNECT_DATA=(SERVER=DEDICATED)(SERVICE_NAME=XE)(CID=(PROGRAM=C:\Users\ALEX\documents\visual studio 2015\Projects\ferreteria_x_2019\ferreteria_x_2019\bin\Debug\ferreteria_x_2019.vshost.exe)(HOST=PC2)(USER=ALEX))))

  VERSION INFORMATION:
	TNS for 32-bit Windows: Version 10.2.0.1.0 - Production
	Windows NT TCP/IP NT Protocol Adapter for 32-bit Windows: Version 10.2.0.1.0 - Production
  Time: 27-JUN-2019 01:35:09
  Tracing not turned on.
  Tns error struct:
    ns main err code: 12564
    TNS-12564: TNS:conexión rechazada
    ns secondary err code: 0
    nt main err code: 0
    nt secondary err code: 0
    nt OS err code: 0


***********************************************************************
Fatal NI connect error 12520, connecting to:
 (DESCRIPTION=(ADDRESS=(PROTOCOL=TCP)(HOST=PC2)(PORT=1521))(CONNECT_DATA=(SERVER=DEDICATED)(SERVICE_NAME=XE)(CID=(PROGRAM=C:\Users\ALEX\documents\visual studio 2015\Projects\ferreteria_x_2019\ferreteria_x_2019\bin\Debug\ferreteria_x_2019.vshost.exe)(HOST=PC2)(USER=ALEX))))

  VERSION INFORMATION:
	TNS for 32-bit Windows: Version 10.2.0.1.0 - Production
	Windows NT TCP/IP NT Protocol Adapter for 32-bit Windows: Version 10.2.0.1.0 - Production
  Time: 27-JUN-2019 01:35:09
  Tracing not turned on.
  Tns error struct:
    ns main err code: 12564
    TNS-12564: TNS:conexión rechazada
    ns secondary err code: 0
    nt main err code: 0
    nt secondary err code: 0
    nt OS err code: 0


***********************************************************************
Fatal NI connect error 12520, connecting to:
 (DESCRIPTION=(ADDRESS=(PROTOCOL=TCP)(HOST=PC2)(PORT=1521))(CONNECT_DATA=(SERVER=DEDICATED)(SERVICE_NAME=XE)(CID=(PROGRAM=C:\Users\ALEX\documents\visual studio 2015\Projects\ferreteria_x_2019\ferreteria_x_2019\bin\Debug\ferreteria_x_2019.vshost.exe)(HOST=PC2)(USER=ALEX))))

  VERSION INFORMATION:
	TNS for 32-bit Windows: Version 10.2.0.1.0 - Production
	Windows NT TCP/IP NT Protocol Adapter for 32-bit Windows: Version 10.2.0.1.0 - Production
  Time: 27-JUN-2019 09:13:15
  Tracing not turned on.
  Tns error struct:
    ns main err code: 12564
    TNS-12564: TNS:conexión rechazada
    ns secondary err code: 0
    nt main err code: 0
    nt secondary err code: 0
    nt OS err code: 0


***********************************************************************
Fatal NI connect error 12520, connecting to:
 (DESCRIPTION=(ADDRESS=(PROTOCOL=TCP)(HOST=PC2)(PORT=1521))(CONNECT_DATA=(SERVER=DEDICATED)(SERVICE_NAME=XE)(CID=(PROGRAM=C:\Users\ALEX\documents\visual studio 2015\Projects\ferreteria_x_2019\ferreteria_x_2019\bin\Debug\ferreteria_x_2019.vshost.exe)(HOST=PC2)(USER=ALEX))))

  VERSION INFORMATION:
	TNS for 32-bit Windows: Version 10.2.0.1.0 - Production
	Windows NT TCP/IP NT Protocol Adapter for 32-bit Windows: Version 10.2.0.1.0 - Production
  Time: 27-JUN-2019 09:13:15
  Tracing not turned on.
  Tns error struct:
    ns main err code: 12564
    TNS-12564: TNS:conexión rechazada
    ns secondary err code: 0
    nt main err code: 0
    nt secondary err code: 0
    nt OS err code: 0


***********************************************************************
Fatal NI connect error 12520, connecting to:
 (DESCRIPTION=(ADDRESS=(PROTOCOL=TCP)(HOST=PC2)(PORT=1521))(CONNECT_DATA=(SERVER=DEDICATED)(SERVICE_NAME=XE)(CID=(PROGRAM=C:\Users\ALEX\documents\visual studio 2015\Projects\ferreteria_x_2019\ferreteria_x_2019\bin\Debug\ferreteria_x_2019.vshost.exe)(HOST=PC2)(USER=ALEX))))

  VERSION INFORMATION:
	TNS for 32-bit Windows: Version 10.2.0.1.0 - Production
	Windows NT TCP/IP NT Protocol Adapter for 32-bit Windows: Version 10.2.0.1.0 - Production
  Time: 27-JUN-2019 16:09:20
  Tracing not turned on.
  Tns error struct:
    ns main err code: 12564
    TNS-12564: TNS:conexión rechazada
    ns secondary err code: 0
    nt main err code: 0
    nt secondary err code: 0
    nt OS err code: 0


***********************************************************************
Fatal NI connect error 12520, connecting to:
 (DESCRIPTION=(ADDRESS=(PROTOCOL=TCP)(HOST=PC2)(PORT=1521))(CONNECT_DATA=(SERVER=DEDICATED)(SERVICE_NAME=XE)(CID=(PROGRAM=C:\Users\ALEX\documents\visual studio 2015\Projects\ferreteria_x_2019\ferreteria_x_2019\bin\Debug\ferreteria_x_2019.vshost.exe)(HOST=PC2)(USER=ALEX))))

  VERSION INFORMATION:
	TNS for 32-bit Windows: Version 10.2.0.1.0 - Production
	Windows NT TCP/IP NT Protocol Adapter for 32-bit Windows: Version 10.2.0.1.0 - Production
  Time: 27-JUN-2019 16:09:20
  Tracing not turned on.
  Tns error struct:
    ns main err code: 12564
    TNS-12564: TNS:conexión rechazada
    ns secondary err code: 0
    nt main err code: 0
    nt secondary err code: 0
    nt OS err code: 0


***********************************************************************
Fatal NI connect error 12520, connecting to:
 (DESCRIPTION=(ADDRESS=(PROTOCOL=TCP)(HOST=PC2)(PORT=1521))(CONNECT_DATA=(SERVER=DEDICATED)(SERVICE_NAME=XE)(CID=(PROGRAM=C:\Users\ALEX\documents\visual studio 2015\Projects\ferreteria_x_2019\ferreteria_x_2019\bin\Debug\ferreteria_x_2019.vshost.exe)(HOST=PC2)(USER=ALEX))))

  VERSION INFORMATION:
	TNS for 32-bit Windows: Version 10.2.0.1.0 - Production
	Windows NT TCP/IP NT Protocol Adapter for 32-bit Windows: Version 10.2.0.1.0 - Production
  Time: 27-JUN-2019 16:09:20
  Tracing not turned on.
  Tns error struct:
    ns main err code: 12564
    TNS-12564: TNS:conexión rechazada
    ns secondary err code: 0
    nt main err code: 0
    nt secondary err code: 0
    nt OS err code: 0
